f	IDENT
:=	ASSIGN_OP
15	INT_LIT
;	SEMICOLON
i	IDENT
:=	ASSIGN_OP
11	INT_LIT
;	SEMICOLON
read	KEY_READ
(	LEFT_PAREN
n	IDENT
)	RIGHT_PAREN
;	SEMICOLON
while	KEY_WHILE
(	LEFT_PAREN
f	IDENT
>	GREATER_OP
i	IDENT
)	RIGHT_PAREN
do	KEY_DO
n	IDENT
:=	ASSIGN_OP
i	IDENT
+	ADD_OP
f	IDENT
;	SEMICOLON
f	IDENT
--	DEC_OP
;	SEMICOLON
i	IDENT
++	INC_OP
od	KEY_OD
;	SEMICOLON
t	IDENT
:=	ASSIGN_OP
n	IDENT
;	SEMICOLON
while	KEY_WHILE
(	LEFT_PAREN
t	IDENT
!=	NEQUAL_OP
i	IDENT
)	RIGHT_PAREN
do	KEY_DO
t	IDENT
++	INC_OP
;	SEMICOLON
od	KEY_OD
;	SEMICOLON
x	IDENT
:=	ASSIGN_OP
t	IDENT
;	SEMICOLON
while	KEY_WHILE
(	LEFT_PAREN
x	IDENT
=	EQUAL_OP
i	IDENT
)	RIGHT_PAREN
do	KEY_DO
x	IDENT
++	INC_OP
;	SEMICOLON
i	IDENT
--	DEC_OP
od	KEY_OD